Downloading Chromium 141.0.7390.16 (playwright build v1191)[2m from https://cdn.playwright.dev/dbazure/download/playwright/builds/chromium/1191/chromium-linux.zip[22m
|                                                                                |   0% of 175.8 MiB
Error: Request to https://playwright.download.prss.microsoft.com/dbazure/download/playwright/builds/chromium/1191/chromium-linux.zip timed out after 30000ms
    at ClientRequest.<anonymous> (/home/dachu/Documents/projects/vercel/peakflow/node_modules/playwright-core/lib/server/utils/network.js:90:15)
    at Object.onceWrapper (node:events:621:28)
    at ClientRequest.emit (node:events:507:28)
    at TLSSocket.emitRequestTimeout (node:_http_client:863:9)
    at Object.onceWrapper (node:events:621:28)
    at TLSSocket.emit (node:events:519:35)
    at Socket._onTimeout (node:net:604:8)
    at listOnTimeout (node:internal/timers:608:17)
    at process.processTimers (node:internal/timers:543:7)
Downloading Chromium 141.0.7390.16 (playwright build v1191)[2m from https://playwright.download.prss.microsoft.com/dbazure/download/playwright/builds/chromium/1191/chromium-linux.zip[22m
Error: connect ENETUNREACH 2a04:4e42:9::684:443 - Local (:::0)
    at internalConnect (node:net:1110:16)
    at defaultTriggerAsyncIdScope (node:internal/async_hooks:464:18)
    at node:net:1356:9
    at process.processTicksAndRejections (node:internal/process/task_queues:85:11) {
  errno: -101,
  code: 'ENETUNREACH',
  syscall: 'connect',
  address: '2a04:4e42:9::684',
  port: 443
}
Downloading Chromium 141.0.7390.16 (playwright build v1191)[2m from https://cdn.playwright.dev/builds/chromium/1191/chromium-linux.zip[22m
Error: connect ENETUNREACH 2620:1ec:46::55:443 - Local (:::0)
    at internalConnect (node:net:1110:16)
    at defaultTriggerAsyncIdScope (node:internal/async_hooks:464:18)
    at node:net:1356:9
    at process.processTicksAndRejections (node:internal/process/task_queues:85:11) {
  errno: -101,
  code: 'ENETUNREACH',
  syscall: 'connect',
  address: '2620:1ec:46::55',
  port: 443
}
Downloading Chromium 141.0.7390.16 (playwright build v1191)[2m from https://cdn.playwright.dev/dbazure/download/playwright/builds/chromium/1191/chromium-linux.zip[22m
|                                                                                |   0% of 175.8 MiB
|■■■■■■■■                                                                        |  10% of 175.8 MiB
|■■■■■■■■■■■■■■■■                                                                |  20% of 175.8 MiB
|■■■■■■■■■■■■■■■■■■■■■■■■                                                        |  30% of 175.8 MiB
|■■■■■■■■■■■■■■■■■■■■■■■■■■■■■■■■                                                |  40% of 175.8 MiB
|■■■■■■■■■■■■■■■■■■■■■■■■■■■■■■■■■■■■■■■■                                        |  50% of 175.8 MiB
|■■■■■■■■■■■■■■■■■■■■■■■■■■■■■■■■■■■■■■■■■■■■■■■■                                |  60% of 175.8 MiB
|■■■■■■■■■■■■■■■■■■■■■■■■■■■■■■■■■■■■■■■■■■■■■■■■■■■■■■■■                        |  70% of 175.8 MiB
|■■■■■■■■■■■■■■■■■■■■■■■■■■■■■■■■■■■■■■■■■■■■■■■■■■■■■■■■■■■■■■■■                |  80% of 175.8 MiB
|■■■■■■■■■■■■■■■■■■■■■■■■■■■■■■■■■■■■■■■■■■■■■■■■■■■■■■■■■■■■■■■■■■■■■■■■        |  90% of 175.8 MiB
|■■■■■■■■■■■■■■■■■■■■■■■■■■■■■■■■■■■■■■■■■■■■■■■■■■■■■■■■■■■■■■■■■■■■■■■■■■■■■■■■| 100% of 175.8 MiB
Chromium 141.0.7390.16 (playwright build v1191) downloaded to /home/dachu/.cache/ms-playwright/chromium-1191
Downloading Chromium Headless Shell 141.0.7390.16 (playwright build v1191)[2m from https://cdn.playwright.dev/dbazure/download/playwright/builds/chromium/1191/chromium-headless-shell-linux.zip[22m
|                                                                                |   0% of 104.9 MiB
|■■■■■■■■                                                                        |  10% of 104.9 MiB
|■■■■■■■■■■■■■■■■                                                                |  20% of 104.9 MiB
|■■■■■■■■■■■■■■■■■■■■■■■■                                                        |  30% of 104.9 MiB
|■■■■■■■■■■■■■■■■■■■■■■■■■■■■■■■■                                                |  40% of 104.9 MiB
|■■■■■■■■■■■■■■■■■■■■■■■■■■■■■■■■■■■■■■■■                                        |  50% of 104.9 MiB
|■■■■■■■■■■■■■■■■■■■■■■■■■■■■■■■■■■■■■■■■■■■■■■■■                                |  60% of 104.9 MiB
|■■■■■■■■■■■■■■■■■■■■■■■■■■■■■■■■■■■■■■■■■■■■■■■■■■■■■■■■                        |  70% of 104.9 MiB
|■■■■■■■■■■■■■■■■■■■■■■■■■■■■■■■■■■■■■■■■■■■■■■■■■■■■■■■■■■■■■■■■                |  80% of 104.9 MiB
|■■■■■■■■■■■■■■■■■■■■■■■■■■■■■■■■■■■■■■■■■■■■■■■■■■■■■■■■■■■■■■■■■■■■■■■■        |  90% of 104.9 MiB
|■■■■■■■■■■■■■■■■■■■■■■■■■■■■■■■■■■■■■■■■■■■■■■■■■■■■■■■■■■■■■■■■■■■■■■■■■■■■■■■■| 100% of 104.9 MiB
Chromium Headless Shell 141.0.7390.16 (playwright build v1191) downloaded to /home/dachu/.cache/ms-playwright/chromium_headless_shell-1191
